<?xml version="1.0" encoding="UTF-8"?>
<!-- Generated by org.testng.reporters.JUnitReportReporter -->
<testsuite hostname="TheDarkKnight" failures="0" tests="1" name="nopcommerce.user.Computers" time="1.128" errors="0" timestamp="13 Apr 2023 17:19:26 GMT" skipped="0">
  <testcase classname="nopcommerce.user.Computers" name="Computers_01_Desktop" time="1.128"/>
</testsuite> <!-- nopcommerce.user.Computers -->
