<?xml version="1.0" encoding="UTF-8"?>
<!-- Generated by org.testng.reporters.JUnitReportReporter -->
<testsuite hostname="TheDarkKnight" failures="0" tests="6" name="nopcommerce.user.Login" time="5.322" errors="0" timestamp="05 Apr 2023 04:34:57 GMT" skipped="0">
  <testcase classname="nopcommerce.user.Login" name="Login_05_Wrong_Entered_Password" time="1.040"/>
  <testcase classname="nopcommerce.user.Login" name="Login_01_Empty_Data" time="0.546"/>
  <testcase classname="nopcommerce.user.Login" name="Login_04_Not_Entered_Password" time="0.980"/>
  <testcase classname="nopcommerce.user.Login" name="Login_02_Invalid_Email" time="0.638"/>
  <testcase classname="nopcommerce.user.Login" name="Login_03_Unregister_Email" time="0.862"/>
  <testcase classname="nopcommerce.user.Login" name="Login_06_Login_Success" time="1.256"/>
</testsuite> <!-- nopcommerce.user.Login -->
