<?xml version="1.0" encoding="UTF-8"?>
<!-- Generated by org.testng.reporters.JUnitReportReporter -->
<testsuite hostname="TheDarkNess" failures="0" tests="1" name="nopcommerce.user.Register" time="1.507" errors="0" timestamp="03 Apr 2023 11:14:04 GMT" skipped="0">
  <testcase classname="nopcommerce.user.Register" name="Input_Without_Info" time="1.507"/>
</testsuite> <!-- nopcommerce.user.Register -->
