<?xml version="1.0" encoding="UTF-8"?>
<!-- Generated by org.testng.reporters.JUnitReportReporter -->
<testsuite hostname="TheDarkKnight" failures="0" tests="2" name="nopcommerce.user.Register" time="3.629" errors="0" timestamp="04 Apr 2023 04:00:40 GMT" skipped="0">
  <testcase classname="nopcommerce.user.Register" name="Input_01_Without_Info" time="1.353"/>
  <testcase classname="nopcommerce.user.Register" name="Input_02_Full_Info" time="2.276"/>
</testsuite> <!-- nopcommerce.user.Register -->
