<?xml version="1.0" encoding="UTF-8"?>
<!-- Generated by org.testng.reporters.JUnitReportReporter -->
<testsuite hostname="TheDarkKnight" failures="0" tests="4" name="nopcommerce.user.Register" time="7.376" errors="0" timestamp="06 Apr 2023 03:54:33 GMT" skipped="0">
  <testcase classname="nopcommerce.user.Register" name="Register_02_Wrong_Confirm_Password" time="1.649"/>
  <testcase classname="nopcommerce.user.Register" name="Register_04_Already_Email" time="2.057"/>
  <testcase classname="nopcommerce.user.Register" name="Register_01_Without_Info" time="1.407"/>
  <testcase classname="nopcommerce.user.Register" name="Register_03_Full_Info" time="2.263"/>
</testsuite> <!-- nopcommerce.user.Register -->
